[    0.000000] Initializing cgroup subsys cpuset
[    0.000000] Initializing cgroup subsys cpu
[    0.000000] Initializing cgroup subsys cpuacct
[    0.000000] Linux version 4.4.0-112-generic (buildd@lgw01-amd64-010) (gcc version 5.4.0 20160609 (Ubuntu 5.4.0-6ubuntu1~16.04.5) ) #135-Ubuntu SMP Fri Jan 19 11:48:36 UTC 2018 (Ubuntu 4.4.0-112.135-generic 4.4.98)
[    0.000000] Command line: BOOT_IMAGE=/boot/vmlinuz-4.4.0-112-generic root=LABEL=cloudimg-rootfs ro console=tty1 console=ttyS0
[    0.000000] KERNEL supported cpus:
[    0.000000]   Intel GenuineIntel
[    0.000000]   AMD AuthenticAMD
[    0.000000]   Centaur CentaurHauls
[    0.000000] x86/fpu: xstate_offset[2]:  576, xstate_sizes[2]:  256
[    0.000000] x86/fpu: Supporting XSAVE feature 0x01: 'x87 floating point registers'
[    0.000000] x86/fpu: Supporting XSAVE feature 0x02: 'SSE registers'
[    0.000000] x86/fpu: Supporting XSAVE feature 0x04: 'AVX registers'
[    0.000000] x86/fpu: Enabled xstate features 0x7, context size is 832 bytes, using 'standard' format.
[    0.000000] x86/fpu: Using 'lazy' FPU context switches.
[    0.000000] e820: BIOS-provided physical RAM map:
[    0.000000] BIOS-e820: [mem 0x0000000000000000-0x000000000009fbff] usable
[    0.000000] BIOS-e820: [mem 0x000000000009fc00-0x000000000009ffff] reserved
[    0.000000] BIOS-e820: [mem 0x00000000000f0000-0x00000000000fffff] reserved
[    0.000000] BIOS-e820: [mem 0x0000000000100000-0x000000003ffeffff] usable
[    0.000000] BIOS-e820: [mem 0x000000003fff0000-0x000000003fffffff] ACPI data
[    0.000000] BIOS-e820: [mem 0x00000000fec00000-0x00000000fec00fff] reserved
[    0.000000] BIOS-e820: [mem 0x00000000fee00000-0x00000000fee00fff] reserved
[    0.000000] BIOS-e820: [mem 0x00000000fffc0000-0x00000000ffffffff] reserved
[    0.000000] NX (Execute Disable) protection: active
[    0.000000] SMBIOS 2.5 present.
[    0.000000] Hypervisor detected: KVM
[    0.000000] e820: last_pfn = 0x3fff0 max_arch_pfn = 0x400000000
[    0.000000] MTRR: Disabled
[    0.000000] x86/PAT: MTRRs disabled, skipping PAT initialization too.
[    0.000000] CPU MTRRs all blank - virtualized system.
[    0.000000] x86/PAT: Configuration [0-7]: WB  WT  UC- UC  WB  WT  UC- UC  
[    0.000000] found SMP MP-table at [mem 0x0009fff0-0x0009ffff] mapped at [ffff88000009fff0]
[    0.000000] Scanning 1 areas for low memory corruption
[    0.000000] RAMDISK: [mem 0x36adc000-0x37565fff]
[    0.000000] ACPI: Early table checksum verification disabled
[    0.000000] ACPI: RSDP 0x00000000000E0000 000024 (v02 VBOX  )
[    0.000000] ACPI: XSDT 0x000000003FFF0030 00003C (v01 VBOX   VBOXXSDT 00000001 ASL  00000061)
[    0.000000] ACPI: FACP 0x000000003FFF00F0 0000F4 (v04 VBOX   VBOXFACP 00000001 ASL  00000061)
[    0.000000] ACPI: DSDT 0x000000003FFF0470 0021FF (v02 VBOX   VBOXBIOS 00000002 INTL 20100528)
[    0.000000] ACPI: FACS 0x000000003FFF0200 000040
[    0.000000] ACPI: FACS 0x000000003FFF0200 000040
[    0.000000] ACPI: APIC 0x000000003FFF0240 00005C (v02 VBOX   VBOXAPIC 00000001 ASL  00000061)
[    0.000000] ACPI: SSDT 0x000000003FFF02A0 0001CC (v01 VBOX   VBOXCPUT 00000002 INTL 20100528)
[    0.000000] No NUMA configuration found
[    0.000000] Faking a node at [mem 0x0000000000000000-0x000000003ffeffff]
[    0.000000] NODE_DATA(0) allocated [mem 0x3ffeb000-0x3ffeffff]
[    0.000000] kvm-clock: Using msrs 4b564d01 and 4b564d00
[    0.000000] kvm-clock: cpu 0, msr 0:3ffe3001, primary cpu clock
[    0.000000] kvm-clock: using sched offset of 16700613401 cycles
[    0.000000] clocksource: kvm-clock: mask: 0xffffffffffffffff max_cycles: 0x1cd42e4dffb, max_idle_ns: 881590591483 ns
[    0.000000] Zone ranges:
[    0.000000]   DMA      [mem 0x0000000000001000-0x0000000000ffffff]
[    0.000000]   DMA32    [mem 0x0000000001000000-0x000000003ffeffff]
[    0.000000]   Normal   empty
[    0.000000]   Device   empty
[    0.000000] Movable zone start for each node
[    0.000000] Early memory node ranges
[    0.000000]   node   0: [mem 0x0000000000001000-0x000000000009efff]
[    0.000000]   node   0: [mem 0x0000000000100000-0x000000003ffeffff]
[    0.000000] Initmem setup node 0 [mem 0x0000000000001000-0x000000003ffeffff]
[    0.000000] ACPI: PM-Timer IO Port: 0x4008
[    0.000000] IOAPIC[0]: apic_id 2, version 32, address 0xfec00000, GSI 0-23
[    0.000000] ACPI: INT_SRC_OVR (bus 0 bus_irq 0 global_irq 2 dfl dfl)
[    0.000000] ACPI: INT_SRC_OVR (bus 0 bus_irq 9 global_irq 9 low level)
[    0.000000] Using ACPI (MADT) for SMP configuration information
[    0.000000] smpboot: Allowing 2 CPUs, 0 hotplug CPUs
[    0.000000] PM: Registered nosave memory: [mem 0x00000000-0x00000fff]
[    0.000000] PM: Registered nosave memory: [mem 0x0009f000-0x0009ffff]
[    0.000000] PM: Registered nosave memory: [mem 0x000a0000-0x000effff]
[    0.000000] PM: Registered nosave memory: [mem 0x000f0000-0x000fffff]
[    0.000000] e820: [mem 0x40000000-0xfebfffff] available for PCI devices
[    0.000000] Booting paravirtualized kernel on KVM
[    0.000000] clocksource: refined-jiffies: mask: 0xffffffff max_cycles: 0xffffffff, max_idle_ns: 7645519600211568 ns
[    0.000000] setup_percpu: NR_CPUS:512 nr_cpumask_bits:512 nr_cpu_ids:2 nr_node_ids:1
[    0.000000] PERCPU: Embedded 34 pages/cpu @ffff88003fc00000 s99544 r8192 d31528 u1048576
[    0.000000] PV qspinlock hash table entries: 256 (order: 0, 4096 bytes)
[    0.000000] Built 1 zonelists in Node order, mobility grouping on.  Total pages: 257913
[    0.000000] Policy zone: DMA32
[    0.000000] Kernel command line: BOOT_IMAGE=/boot/vmlinuz-4.4.0-112-generic root=LABEL=cloudimg-rootfs ro console=tty1 console=ttyS0
[    0.000000] PID hash table entries: 4096 (order: 3, 32768 bytes)
[    0.000000] Memory: 1001740K/1048120K available (8499K kernel code, 1309K rwdata, 3988K rodata, 1508K init, 1316K bss, 46380K reserved, 0K cma-reserved)
[    0.000000] SLUB: HWalign=64, Order=0-3, MinObjects=0, CPUs=2, Nodes=1
[    0.000000] Kernel/User page tables isolation: enabled
[    0.000000] Hierarchical RCU implementation.
[    0.000000] 	Build-time adjustment of leaf fanout to 64.
[    0.000000] 	RCU restricting CPUs from NR_CPUS=512 to nr_cpu_ids=2.
[    0.000000] RCU: Adjusting geometry for rcu_fanout_leaf=64, nr_cpu_ids=2
[    0.000000] NR_IRQS:33024 nr_irqs:440 16
[    0.000000] Console: colour VGA+ 80x25
[    0.000000] console [tty1] enabled
[    0.000000] console [ttyS0] enabled
[    0.000000] tsc: Detected 2904.002 MHz processor
[    4.619027] Calibrating delay loop (skipped) preset value.. 5808.00 BogoMIPS (lpj=11616008)
[    4.703656] pid_max: default: 32768 minimum: 301
[    4.736752] ACPI: Core revision 20150930
[    4.779259] ACPI: 2 ACPI AML tables successfully acquired and loaded
[    4.842705] Security Framework initialized
[    4.883104] Yama: becoming mindful.
[    4.915914] AppArmor: AppArmor initialized
[    4.953197] Dentry cache hash table entries: 131072 (order: 8, 1048576 bytes)
[    5.008907] Inode-cache hash table entries: 65536 (order: 7, 524288 bytes)
[    5.060698] Mount-cache hash table entries: 2048 (order: 2, 16384 bytes)
[    5.116022] Mountpoint-cache hash table entries: 2048 (order: 2, 16384 bytes)
[    5.169418] Initializing cgroup subsys io
[    5.195873] Initializing cgroup subsys memory
[    5.241915] Initializing cgroup subsys devices
[    5.276672] Initializing cgroup subsys freezer
[    5.300188] Initializing cgroup subsys net_cls
[    5.320215] Initializing cgroup subsys perf_event
[    5.356854] Initializing cgroup subsys net_prio
[    5.394582] Initializing cgroup subsys hugetlb
[    5.435464] Initializing cgroup subsys pids
[    5.473890] CPU: Physical Processor ID: 0
[    5.504344] CPU: Processor Core ID: 0
[    5.527877] FEATURE SPEC_CTRL Not Present
[    5.557202] mce: CPU supports 0 MCE banks
[    5.596914] Last level iTLB entries: 4KB 64, 2MB 8, 4MB 8
[    5.653228] Last level dTLB entries: 4KB 64, 2MB 0, 4MB 0, 1GB 4
[    5.740279] Freeing SMP alternatives memory: 32K
[    6.028924] ftrace: allocating 32180 entries in 126 pages
[    6.964592] smpboot: APIC(0) Converting physical 0 to logical package 0
[    7.015722] smpboot: Max logical packages: 1
[    7.062819] x2apic enabled
[    7.102795] Switched APIC routing to physical x2apic.
[    7.195485] ..TIMER: vector=0x30 apic1=0 pin1=2 apic2=-1 pin2=-1
[    7.349975] smpboot: CPU0: Intel(R) Core(TM) i7-7500U CPU @ 2.70GHz (family: 0x6, model: 0x8e, stepping: 0x9)
[    7.420261] Performance Events: unsupported p6 CPU model 142 no PMU driver, software events only.
[    7.479833] KVM setup paravirtual spinlock
[    7.518390] x86: Booting SMP configuration:
[    7.558408] .... node  #0, CPUs:      #1
[    7.596540] kvm-clock: cpu 1, msr 0:3ffe3041, secondary cpu clock
[    7.641131] mce: CPU supports 0 MCE banks
[    7.665648] x86: Booted up 1 node, 2 CPUs
[    7.707928] smpboot: Total of 2 processors activated (11616.00 BogoMIPS)
[    7.759979] devtmpfs: initialized
[    7.783345] evm: security.selinux
[    7.805069] evm: security.SMACK64
[    7.826868] evm: security.SMACK64EXEC
[    7.850236] evm: security.SMACK64TRANSMUTE
[    7.886615] evm: security.SMACK64MMAP
[    7.919764] evm: security.ima
[    7.952931] evm: security.capability
[    7.993372] clocksource: jiffies: mask: 0xffffffff max_cycles: 0xffffffff, max_idle_ns: 7645041785100000 ns
[    8.065910] futex hash table entries: 512 (order: 3, 32768 bytes)
[    8.111513] pinctrl core: initialized pinctrl subsystem
[    8.146744] RTC time:  4:53:13, date: 06/27/18
[    8.176818] NET: Registered protocol family 16
[    8.212721] cpuidle: using governor ladder
[    8.264602] cpuidle: using governor menu
[    8.311711] PCCT header not found.
[    8.345951] ACPI: bus type PCI registered
[    8.380465] acpiphp: ACPI Hot Plug PCI Controller Driver version: 0.5
[    8.442523] PCI: Using configuration type 1 for base access
[    8.500621] ACPI: Added _OSI(Module Device)
[    8.521693] ACPI: Added _OSI(Processor Device)
[    8.541932] ACPI: Added _OSI(3.0 _SCP Extensions)
[    8.563546] ACPI: Added _OSI(Processor Aggregator Device)
[    8.593179] ACPI: Executed 1 blocks of module-level executable AML code
[    8.668401] ACPI: Interpreter enabled
[    8.701512] ACPI: (supports S0 S5)
[    8.730745] ACPI: Using IOAPIC for interrupt routing
[    8.777132] PCI: Using host bridge windows from ACPI; if necessary, use "pci=nocrs" and report a bug
[    8.898063] ACPI: PCI Root Bridge [PCI0] (domain 0000 [bus 00-ff])
[    8.943657] acpi PNP0A03:00: _OSC: OS supports [ASPM ClockPM Segments MSI]
[    9.001989] acpi PNP0A03:00: _OSC: not requesting OS control; OS requires [ExtendedConfig ASPM ClockPM MSI]
[    9.076763] acpi PNP0A03:00: fail to add MMCONFIG information, can't access extended PCI configuration space under this bridge.
[    9.177577] PCI host bridge to bus 0000:00
[    9.215646] pci_bus 0000:00: root bus resource [io  0x0000-0x0cf7 window]
[    9.259851] pci_bus 0000:00: root bus resource [io  0x0d00-0xffff window]
[    9.315077] pci_bus 0000:00: root bus resource [mem 0x000a0000-0x000bffff window]
[    9.381740] pci_bus 0000:00: root bus resource [mem 0x40000000-0xfdffffff window]
[    9.443570] pci_bus 0000:00: root bus resource [bus 00-ff]
[    9.577535] pci 0000:00:01.1: legacy IDE quirk: reg 0x10: [io  0x01f0-0x01f7]
[    9.643201] pci 0000:00:01.1: legacy IDE quirk: reg 0x14: [io  0x03f6]
[    9.673420] pci 0000:00:01.1: legacy IDE quirk: reg 0x18: [io  0x0170-0x0177]
[    9.708769] pci 0000:00:01.1: legacy IDE quirk: reg 0x1c: [io  0x0376]
[    9.984304] pci 0000:00:07.0: quirk: [io  0x4000-0x403f] claimed by PIIX4 ACPI
[   10.335692] pci 0000:00:07.0: quirk: [io  0x4100-0x410f] claimed by PIIX4 SMB
[   10.431590] ACPI: PCI Interrupt Link [LNKA] (IRQs 5 9 10 *11)
[   10.512061] ACPI: PCI Interrupt Link [LNKB] (IRQs 5 9 *10 11)
[   10.601000] ACPI: PCI Interrupt Link [LNKC] (IRQs 5 *9 10 11)
[   10.659964] ACPI: PCI Interrupt Link [LNKD] (IRQs 5 9 10 *11)
[   10.701471] ACPI: Enabled 2 GPEs in block 00 to 07
[   10.726675] vgaarb: setting as boot device: PCI:0000:00:02.0
[   10.752285] vgaarb: device added: PCI:0000:00:02.0,decodes=io+mem,owns=io+mem,locks=none
[   10.819477] vgaarb: loaded
[   10.847071] vgaarb: bridge control possible 0000:00:02.0
[   10.891048] SCSI subsystem initialized
[   10.930641] ACPI: bus type USB registered
[   10.967812] usbcore: registered new interface driver usbfs
[   11.011751] usbcore: registered new interface driver hub
[   11.045440] usbcore: registered new device driver usb
[   11.075779] PCI: Using ACPI for IRQ routing
[   11.104898] NetLabel: Initializing
[   11.133757] NetLabel:  domain hash size = 128
[   11.158240] NetLabel:  protocols = UNLABELED CIPSOv4
[   11.196307] NetLabel:  unlabeled traffic allowed by default
[   11.243099] amd_nb: Cannot enumerate AMD northbridges
[   11.280805] clocksource: Switched to clocksource kvm-clock
[   11.345602] AppArmor: AppArmor Filesystem Enabled
[   11.386276] pnp: PnP ACPI init
[   11.435769] pnp: PnP ACPI: found 3 devices
[   11.486279] clocksource: acpi_pm: mask: 0xffffff max_cycles: 0xffffff, max_idle_ns: 2085701024 ns
[   11.557622] NET: Registered protocol family 2
[   11.595782] TCP established hash table entries: 8192 (order: 4, 65536 bytes)
[   11.637600] TCP bind hash table entries: 8192 (order: 5, 131072 bytes)
[   11.690809] TCP: Hash tables configured (established 8192 bind 8192)
[   11.741446] UDP hash table entries: 512 (order: 2, 16384 bytes)
[   11.780283] UDP-Lite hash table entries: 512 (order: 2, 16384 bytes)
[   11.808284] NET: Registered protocol family 1
[   11.827002] pci 0000:00:00.0: Limiting direct PCI/PCI transfers
[   11.855062] pci 0000:00:01.0: Activating ISA DMA hang workarounds
[   11.907848] Unpacking initramfs...
[   15.950674] Freeing initrd memory: 10792K
[   15.991041] platform rtc_cmos: registered platform RTC device (no PNP device found)
[   16.059025] Scanning for low memory corruption every 60 seconds
[   16.108939] audit: initializing netlink subsys (disabled)
[   16.151679] audit: type=2000 audit(1530075210.527:1): initialized
[   16.181977] Initialise system trusted keyring
[   16.213468] HugeTLB registered 2 MB page size, pre-allocated 0 pages
[   16.248690] zbud: loaded
[   16.279237] VFS: Disk quotas dquot_6.6.0
[   16.314701] VFS: Dquot-cache hash table entries: 512 (order 0, 4096 bytes)
[   16.360468] squashfs: version 4.0 (2009/01/31) Phillip Lougher
[   16.409686] fuse init (API version 7.23)
[   16.447322] Key type big_key registered
[   16.483800] Allocating IMA MOK and blacklist keyrings.
[   16.549901] Key type asymmetric registered
[   16.584607] Asymmetric key parser 'x509' registered
[   16.627926] Block layer SCSI generic (bsg) driver version 0.4 loaded (major 249)
[   16.693621] io scheduler noop registered
[   16.727095] io scheduler deadline registered (default)
[   16.764254] io scheduler cfq registered
[   16.798418] pci_hotplug: PCI Hot Plug PCI Core version: 0.5
[   16.840880] pciehp: PCI Express Hot Plug Controller Driver version: 0.4
[   16.888886] ACPI: AC Adapter [AC] (off-line)
[   16.921716] input: Power Button as /devices/LNXSYSTM:00/LNXPWRBN:00/input/input0
[   16.987441] ACPI: Power Button [PWRF]
[   17.025330] input: Sleep Button as /devices/LNXSYSTM:00/LNXSLPBN:00/input/input1
[   17.087510] ACPI: Sleep Button [SLPF]
[   17.119868] GHES: HEST is not enabled!
[   17.129646] ACPI: Battery Slot [BAT0] (battery present)
[   17.189928] Serial: 8250/16550 driver, 32 ports, IRQ sharing enabled
[   17.347983] 00:02: ttyS0 at I/O 0x3f8 (irq = 4, base_baud = 115200) is a 16550A
[   17.412674] Linux agpgart interface v0.103
[   17.453787] loop: module loaded
[   17.491470] scsi host0: ata_piix
[   17.530777] scsi host1: ata_piix
[   17.565716] ata1: PATA max UDMA/33 cmd 0x1f0 ctl 0x3f6 bmdma 0xd000 irq 14
[   17.622467] ata2: PATA max UDMA/33 cmd 0x170 ctl 0x376 bmdma 0xd008 irq 15
[   17.670602] libphy: Fixed MDIO Bus: probed
[   17.706993] tun: Universal TUN/TAP device driver, 1.6
[   17.750751] tun: (C) 1999-2004 Max Krasnyansky <maxk@qualcomm.com>
[   17.792701] PPP generic driver version 2.4.2
[   17.821035] ehci_hcd: USB 2.0 'Enhanced' Host Controller (EHCI) Driver
[   17.878270] ehci-pci: EHCI PCI platform driver
[   17.918815] ehci-platform: EHCI generic platform driver
[   17.964814] ohci_hcd: USB 1.1 'Open' Host Controller (OHCI) Driver
[   18.017319] ohci-pci: OHCI PCI platform driver
[   18.055896] ohci-platform: OHCI generic platform driver
[   18.093884] uhci_hcd: USB Universal Host Controller Interface driver
[   18.143533] i8042: PNP: PS/2 Controller [PNP0303:PS2K,PNP0f03:PS2M] at 0x60,0x64 irq 1,12
[   18.226757] serio: i8042 KBD port at 0x60,0x64 irq 1
[   18.270403] serio: i8042 AUX port at 0x60,0x64 irq 12
[   18.314163] mousedev: PS/2 mouse device common for all mice
[   18.345027] input: AT Translated Set 2 keyboard as /devices/platform/i8042/serio0/input/input2
[   18.384923] rtc_cmos rtc_cmos: rtc core: registered rtc_cmos as rtc0
[   18.410885] rtc_cmos rtc_cmos: alarms up to one day, 114 bytes nvram
[   18.438334] i2c /dev entries driver
[   18.471541] device-mapper: uevent: version 1.0.3
[   18.509007] device-mapper: ioctl: 4.34.0-ioctl (2015-10-28) initialised: dm-devel@redhat.com
[   18.575231] ledtrig-cpu: registered to indicate activity on CPUs
[   18.630886] NET: Registered protocol family 10
[   18.675576] NET: Registered protocol family 17
[   18.721020] Key type dns_resolver registered
[   18.769459] microcode: CPU0 sig=0x806e9, pf=0x2, revision=0x0
[   18.810050] microcode: CPU1 sig=0x806e9, pf=0x2, revision=0x0
[   18.848168] microcode: Microcode Update Driver: v2.01 <tigran@aivazian.fsnet.co.uk>, Peter Oruba
[   18.905818] registered taskstats version 1
[   18.944256] Loading compiled-in X.509 certificates
[   18.986008] Loaded X.509 cert 'Build time autogenerated kernel key: 4c603087bab8f0a02cb3b4e1fb4c40f507e71ef1'
[   19.078842] zswap: loaded using pool lzo/zbud
[   19.127090] Key type trusted registered
[   19.182902] Key type encrypted registered
[   19.229947] AppArmor: AppArmor sha1 policy hashing enabled
[   19.286475] ima: No TPM chip found, activating TPM-bypass!
[   19.335101] evm: HMAC attrs: 0x1
[   19.402571]   Magic number: 6:789:869
[   19.453699] rtc_cmos rtc_cmos: setting system clock to 2018-06-27 04:53:25 UTC (1530075205)
[   19.512926] BIOS EDD facility v0.16 2004-Jun-25, 0 devices found
[   19.543371] EDD information not available.
[   19.569500] Freeing unused kernel memory: 1508K
[   19.592771] Write protecting the kernel read-only data: 14336k
[   19.628782] Freeing unused kernel memory: 1728K
[   19.662498] Freeing unused kernel memory: 108K
Loading, please wait...
starting version[   19.763241] random: udevadm: uninitialized urandom read (16 bytes read, 9 bits of entropy available)
 229
[   19.823492] random: systemd-udevd: uninitialized urandom read (16 bytes read, 9 bits of entropy available)
[   19.823650] random: systemd-udevd: uninitialized urandom read (16 bytes read, 9 bits of entropy available)
[   19.823675] random: systemd-udevd: uninitialized urandom read (16 bytes read, 9 bits of entropy available)
[   19.823703] random: systemd-udevd: uninitialized urandom read (16 bytes read, 9 bits of entropy available)
[   20.174879] random: udevadm: uninitialized urandom read (16 bytes read, 9 bits of entropy available)
[   20.267220] random: systemd-udevd: uninitialized urandom read (16 bytes read, 9 bits of entropy available)
[   20.274160] random: udevadm: uninitialized urandom read (16 bytes read, 9 bits of entropy available)
[   20.274240] random: udevadm: uninitialized urandom read (16 bytes read, 9 bits of entropy available)
[   20.274454] random: udevadm: uninitialized urandom read (16 bytes read, 9 bits of entropy available)
[   20.671385] e1000: Intel(R) PRO/1000 Network Driver - version 7.3.21-k8-NAPI
[   20.712693] Fusion MPT base driver 3.04.20
[   20.712694] Copyright (c) 1999-2008 LSI Corporation
[   20.791906] e1000: Copyright (c) 1999-2006 Intel Corporation.
[   20.891200] AVX2 version of gcm_enc/dec engaged.
[   20.925428] AES CTR mode by8 optimization enabled
[   20.968087] Fusion MPT SPI Host driver 3.04.20
[   21.237946] input: ImExPS/2 Generic Explorer Mouse as /devices/platform/i8042/serio1/input/input4
[   23.629527] floppy0: no floppy controllers found
[   24.149774] e1000 0000:00:03.0 eth0: (PCI:33MHz:32-bit) 02:69:07:7b:a1:bd
[   24.183139] e1000 0000:00:03.0 eth0: Intel(R) PRO/1000 Network Connection
[   24.255470] mptbase: ioc0: Initiating bringup
[   24.259489] e1000 0000:00:03.0 enp0s3: renamed from eth0
[   24.428494] ioc0: LSI53C1030 A0: Capabilities={Initiator}
[   24.783607] scsi host2: ioc0: LSI53C1030 A0, FwRev=00000000h, Ports=1, MaxQ=256, IRQ=20
[   24.998740] scsi 2:0:0:0: Direct-Access     VBOX     HARDDISK         1.0  PQ: 0 ANSI: 5
[   25.050330] scsi target2:0:0: Beginning Domain Validation
[   25.116008] scsi target2:0:0: Domain Validation skipping write tests
[   25.147850] scsi target2:0:0: Ending Domain Validation
[   25.194648] scsi target2:0:0: asynchronous
[   25.240561] scsi 2:0:1:0: Direct-Access     VBOX     HARDDISK         1.0  PQ: 0 ANSI: 5
[   25.313621] scsi target2:0:1: Beginning Domain Validation
[   25.378777] scsi target2:0:1: Domain Validation skipping write tests
[   25.418797] scsi target2:0:1: Ending Domain Validation
[   25.461556] scsi target2:0:1: asynchronous
[   25.963903] sd 2:0:0:0: Attached scsi generic sg0 type 0
[   25.986959] sd 2:0:0:0: [sda] 20971520 512-byte logical blocks: (10.7 GB/10.0 GiB)
[   26.022438] sd 2:0:1:0: Attached scsi generic sg1 type 0
[   26.022956] sd 2:0:1:0: [sdb] 20480 512-byte logical blocks: (10.5 MB/10.0 MiB)
[   26.024031] sd 2:0:1:0: [sdb] Write Protect is off
[   26.024891] sd 2:0:1:0: [sdb] Incomplete mode parameter data
[   26.024892] sd 2:0:1:0: [sdb] Assuming drive cache: write through
[   26.029155] sd 2:0:0:0: [sda] Write Protect is off
[   26.029864] sd 2:0:0:0: [sda] Incomplete mode parameter data
[   26.029865] sd 2:0:0:0: [sda] Assuming drive cache: write through
[   26.035609]  sda: sda1
[   26.038880] sd 2:0:0:0: [sda] Attached SCSI disk
[   26.041196] sd 2:0:1:0: [sdb] Attached SCSI disk
Begin: Loading essential drivers ... [   37.643058] md: linear personality registered for level -1
[   37.710151] md: multipath personality registered for level -4
[   37.769559] md: raid0 personality registered for level 0
[   37.828155] md: raid1 personality registered for level 1
[   37.949041] raid6: sse2x1   gen()  3575 MB/s
[   38.057169] raid6: sse2x1   xor()  3317 MB/s
[   38.145505] raid6: sse2x2   gen()  5866 MB/s
[   38.254028] raid6: sse2x2   xor()  3260 MB/s
[   38.361770] raid6: sse2x4   gen()  4947 MB/s
[   38.469235] raid6: sse2x4   xor()  3616 MB/s
[   38.565665] raid6: avx2x1   gen()  6218 MB/s
[   38.673256] raid6: avx2x2   gen()  7708 MB/s
[   38.773610] raid6: avx2x4   gen()  9716 MB/s
[   38.813427] raid6: using algorithm avx2x4 gen() 9716 MB/s
[   38.863901] raid6: using avx2x2 recovery algorithm
[   38.923800] xor: automatically using best checksumming function:
[   39.017769]    avx       :  8495.000 MB/sec
[   39.051660] async_tx: api initialized (async)
[   39.153449] md: raid6 personality registered for level 6
[   39.207378] md: raid5 personality registered for level 5
[   39.258748] md: raid4 personality registered for level 4
[   39.329887] md: raid10 personality registered for level 10
done.
Begin: Running /scripts/init-premount ... done.
Begin: Mounting root file system ... Begin: Running /scripts/local-top ... done.
Begin: Running /scripts/local-premount ... [   39.649607] Btrfs loaded
Scanning for Btrfs filesystems
done.
Warning: fsck not present, so skipping root file system
[   39.880895] EXT4-fs (sda1): mounted filesystem with ordered data mode. Opts: (null)
done.
Begin: Running /scripts/local-bottom ... done.
Begin: Running /scripts/init-bottom ... done.
[   40.291327] systemd[1]: systemd 229 running in system mode. (+PAM +AUDIT +SELINUX +IMA +APPARMOR +SMACK +SYSVINIT +UTMP +LIBCRYPTSETUP +GCRYPT +GNUTLS +ACL +XZ -LZ4 +SECCOMP +BLKID +ELFUTILS +KMOD -IDN)
[   40.407246] systemd[1]: Detected virtualization oracle.
[   40.447688] systemd[1]: Detected architecture x86-64.

Welcome to [1mUbuntu 16.04.3 LTS[0m!

[   40.534863] systemd[1]: Set hostname to <ubuntu>.
[   40.593167] systemd[1]: Initializing machine ID from random generator.
[   40.657605] systemd[1]: Installed transient /etc/machine-id file.
[   40.943186] random: nonblocking pool is initialized
[   41.346480] systemd[1]: Listening on /dev/initctl Compatibility Named Pipe.
[[0;32m  OK  [0m] Listening on /dev/initctl Compatibility Named Pipe.
[   41.460159] systemd[1]: Listening on udev Kernel Socket.
[[0;32m  OK  [0m] Listening on udev Kernel Socket.
[   41.530371] systemd[1]: Listening on Journal Socket.
[[0;32m  OK  [0m] Listening on Journal Socket.
[   41.599196] systemd[1]: Reached target Encrypted Volumes.
[[0;32m  OK  [0m] Reached target Encrypted Volumes.
[   41.715290] systemd[1]: Reached target Swap.
[[0;32m  OK  [0m] Reached target Swap.
[   41.790464] systemd[1]: Listening on Journal Socket (/dev/log).
[[0;32m  OK  [0m] Listening on Journal Socket (/dev/log).
[   41.879628] systemd[1]: Listening on Journal Audit Socket.
[[0;32m  OK  [0m] Listening on Journal Audit Socket.
[   41.961482] systemd[1]: Started Forward Password Requests to Wall Directory Watch.
[[0;32m  OK  [0m] Started Forward Password Requests to Wall Directory Watch.
[   42.062893] systemd[1]: Listening on LVM2 poll daemon socket.
[[0;32m  OK  [0m] Listening on LVM2 poll daemon socket.
[   42.160691] systemd[1]: Created slice System Slice.
[[0;32m  OK  [0m] Created slice System Slice.
[   42.270763] systemd[1]: Starting Load Kernel Modules...
[   42.326402] Loading iSCSI transport class v2.0-870.
         Starting Load Kernel Modules...
[   42.394901] systemd[1]: Starting Create list of required static device nodes for the current kernel...
         Starting Create list of required st... nodes for the current kernel...
[   42.487030] systemd[1]: Created slice system-serial\x2dgetty.slice.
[   42.550735] iscsi: registered transport (tcp)
[[0;32m  OK  [0m] Created slice system-serial\x2dgetty.slice.
[   42.638255] systemd[1]: Mounting Huge Pages File System...
         Mounting Huge Pages File System...
[   42.745444] systemd[1]: Starting Nameserver information manager...
         Starting Nameserver information manager...
[   42.886296] systemd[1]: Mounting Debug File System...
         Mounting Debug File System...
[   42.982122] systemd[1]: Starting Set console keymap...
         Starting Set console keymap...[   43.065297] iscsi: registered transport (iser)

[   43.122689] systemd[1]: Starting Uncomplicated firewall...
         Starting Uncomplicated firewall...
[   43.253980] systemd[1]: Mounting POSIX Message Queue File System...
         Mounting POSIX Message Queue File System...
[   43.358411] systemd[1]: Listening on udev Control Socket.
[[0;32m  OK  [0m] Listening on udev Control Socket.
[   43.460531] systemd[1]: Started Trigger resolvconf update for networkd DNS.
[[0;32m  OK  [0m] Started Trigger resolvconf update for networkd DNS.
[   43.554750] systemd[1]: Listening on Syslog Socket.
[[0;32m  OK  [0m] Listening on Syslog Socket.
[   43.641862] systemd[1]: Starting Journal Service...
         Starting Journal Service...
[   43.739286] systemd[1]: Starting Remount Root and Kernel File Systems...
[   43.823329] EXT4-fs (sda1): re-mounted. Opts: (null)
         Starting Remount Root and Kernel File Systems...
[   43.891075] systemd[1]: Reached target User and Group Name Lookups.
[[0;32m  OK  [0m] Reached target User and Group Name Lookups.
[   43.997774] systemd[1]: Created slice User and Session Slice.
[[0;32m  OK  [0m] Created slice User and Session Slice.
[   44.100098] systemd[1]: Reached target Slices.
[[0;32m  OK  [0m] Reached target Slices.
[   44.190300] systemd[1]: Listening on LVM2 metadata daemon socket.
[[0;32m  OK  [0m] Listening on LVM2 metadata daemon socket.
[   44.258004] systemd[1]: Listening on Device-mapper event daemon FIFOs.
[[0;32m  OK  [0m] Listening on Device-mapper event daemon FIFOs.
[   44.333518] systemd[1]: Starting Monitoring of LVM2 mirrors, snapshots etc. using dmeventd or progress polling...
         Starting Monitoring of LVM2 mirrors... dmeventd or progress polling...
[   44.470452] systemd[1]: Set up automount Arbitrary Executable File Formats File System Automount Point.
[[0;32m  OK  [0m] Set up automount Arbitrary Executab...ats File System Automount Point.
[   44.566348] systemd[1]: Mounted Debug File System.
[[0;32m  OK  [0m] Mounted Debug File System.
[   44.661778] systemd[1]: Mounted Huge Pages File System.
[[0;32m  OK  [0m] Mounted Huge Pages File System.
[   44.794158] systemd[1]: Mounted POSIX Message Queue File System.
[[0;32m  OK  [0m] Mounted POSIX Message Queue File System.
[   44.916020] systemd[1]: Started Journal Service.
[[0;32m  OK  [0m] Started Journal Service.
[[0;32m  OK  [0m] Started Load Kernel Modules.
[[0;32m  OK  [0m] Started Create list of required sta...ce nodes for the current kernel.
[[0;32m  OK  [0m] Started Set console keymap.
[[0;32m  OK  [0m] Started Uncomplicated firewall.
[[0;32m  OK  [0m] Started Remount Root and Kernel File Systems.
[[0;32m  OK  [0m] Started Nameserver information manager.
[[0;32m  OK  [0m] Started LVM2 metadata daemon.
         Starting udev Coldplug all Devices...
         Starting Initial cloud-init job (pre-networking)...
         Starting Load/Save Random Seed...
         Starting Create Static Device Nodes in /dev...
         Mounting FUSE Control File System...
         Starting Apply Kernel Variables...
         Starting Flush Journal to Persistent Storage...
[[0;32m  OK  [0m] Mounted FUSE Control File System.
[[0;32m  OK  [0m] Started Monitoring of LVM2 mirrors,...ng dmeventd or progress polling.
[[0;32m  OK  [0m] Started Load/Save Random Seed.
[[0;32m  OK  [0m] Started Create Static Device Nodes in /dev.
[[0;32m  OK  [0m] Started Apply Kernel Variables.
[[0;32m  OK  [0m] Started udev Coldplug all Devices.
[[0;32m  OK  [0m] Started Flush Journal to Persistent Storage.
         Starting udev Kernel Device Manager...
[[0;32m  OK  [0m] Started udev Kernel Device Manager.
[[0;32m  OK  [0m] Reached target Local File Systems (Pre).
[[0;32m  OK  [0m] Reached target Local File Systems.
         Starting Tell Plymouth To Write Out Runtime Data...
         Starting LSB: AppArmor initialization...
         Starting Set console font and keymap...
         Starting Create Volatile Files and Directories...
         Starting Commit a transient machine-id on disk...
[[0;32m  OK  [0m] Started Dispatch Password Requests to Console Directory Watch.
[[0;32m  OK  [0m] Started Tell Plymouth To Write Out Runtime Data.
[[0;32m  OK  [0m] Started Create Volatile Files and Directories.
[[0;32m  OK  [0m] Started Commit a transient machine-id on disk.
[[0;32m  OK  [0m] Reached target System Time Synchronized.
         Starting Update UTMP about System Boot/Shutdown...
[[0;32m  OK  [0m] Started Update UTMP about System Boot/Shutdown.
[[0;32m  OK  [0m] Found device /dev/ttyS0.
[[0;32m  OK  [0m] Listening on Load/Save RF Kill Switch Status /dev/rfkill Watch.
[   40.363958] cloud-init[449]: Cloud-init v. 17.1 running 'init-local' at Wed, 27 Jun 2018 04:53:54 +0000. Up 39.17 seconds.
[[0;32m  OK  [0m] Started LSB: AppArmor initialization.
[[0;32m  OK  [0m] Started Initial cloud-init job (pre-networking).
[[0;32m  OK  [0m] Reached target Network (Pre).
         Starting Raise network interfaces...
[[0m[0;31m*     [0m] (1 of 2) A start job is running for...work interfaces (31s / 5min 26s)[K[[0;1;31m*[0m[0;31m*    [0m] (1 of 2) A start job is running for...work interfaces (33s / 5min 26s)[K[[0;32m  OK  [0m] Started Set console font and keymap.
[[0;32m  OK  [0m] Created slice system-getty.slice.
[[0;32m  OK  [0m] Started Raise network interfaces.
[[0;32m  OK  [0m] Reached target Network.
         Starting Initial cloud-init job (metadata service crawler)...
[   71.035866] cloud-init[945]: Cloud-init v. 17.1 running 'init' at Wed, 27 Jun 2018 04:54:25 +0000. Up 69.33 seconds.
[   71.092252] cloud-init[945]: ci-info: +++++++++++++++++++++++++++++++++++++Net device info+++++++++++++++++++++++++++++++++++++
[   71.144523] cloud-init[945]: ci-info: +--------+------+---------------------------+---------------+-------+-------------------+
[   71.194615] cloud-init[945]: ci-info: | Device |  Up  |          Address          |      Mask     | Scope |     Hw-Address    |
[   71.254236] cloud-init[945]: ci-info: +--------+------+---------------------------+---------------+-------+-------------------+
[   71.317091] cloud-init[945]: ci-info: | enp0s3 | True |         10.0.2.15         | 255.255.255.0 |   .   | 02:69:07:7b:a1:bd |
[[0;32m  OK  [0m] Started Initial cloud-init job (metadata service crawler).
[[0;32m  OK  [0m] Reached target Cloud-config availability.
[   71.358637] [[0;32m  OK  [0m] Reached target System Initialization.
         Starting Socket activation for snappy daemon.
cloud-init[945]: ci-info: | enp0s3 | True | fe80::69:7ff:fe7b:a1bd/64 |       .       |  link | 02:69:07:7b:a1:bd |
         Starting LXD - unix socket.
[   71.480988] cloud-init[[0;32m  OK  [0m] Started Daily Cleanup of Temporary Directories.
[[0;32m  OK  [0m] Listening on UUID daemon activation socket.
[945]: ci-info: |   lo   | True |         127.0.0.1         |   255.0.0.0   |   .   |         .         |
[   71.651570] cloud-init[945]: ci-info: |   lo   | True |          ::1/128          |       .       |  host |         .         |
[[0;32m  OK  [0m] Started ACPI Events Check.
[[0;32m  OK  [0m] Reached target Paths.
[[0;32m  OK  [0m] Listening on D-Bus System Message Bus Socket.
[[0;32m  OK  [0m] Started Timer to automatically refresh installed snaps.
[[0;32m  OK  [0m] Listening on ACPID Listen Socket.
[[0;32m  OK  [0m] Reached target Network is Online.
[   71.728513] cloud-init[945]: ci-info: +--------+------+---------------------------+---------------+-------+-------------------+
[   71.959903] cloud-init[945]: ci-info: +++++++++++++++++++++++++++Route IPv4 info++++++++++++++++++++++++++++
         Starting iSCSI initiator daemon (iscsid)...
[[0;32m  OK  [0m] Started Daily apt download activities.
[[0;32m  OK  [0m] Started Daily apt upgrade and clean activities.
[[0;32m  OK  [0m] Reached target Timers.
[[0;32m  OK  [0m] Listening on Socket activation for snappy daemon.
[[0;32m  OK  [0m] Listening on LXD - unix socket.
[[0;32m  OK  [0m] Reached target Sockets.
[[0;32m  OK  [0m] Reached target Basic System.
[[0;32m  OK  [0m] Started Unattended Upgrades Shutdown.
         Starting Apply the settings specified in cloud-config...
         Starting System Logging Service...
         Starting LSB: Record successful boot for GRUB...
[   71.991576] cloud-init[945]: ci-info: +-------+-------------+----------+---------------+-----------+-------+
         Starting Pollinate to seed the pseudo random number generator...
[   72.221543] cloud-init[945]: [[0;32m  OK  [0m] Started FUSE filesystem for LXC.
         Starting Accounts Service...
         Starting LXD - container startup/shutdown...
[[0;32m  OK  [0m] Started Deferred execution scheduler.
         Starting LSB: MD monitoring daemon...
ci-info: | Route | Destination | Gateway  |    Genmask    | Interface | Flags |[[0;32m  OK  [0m] Started ACPI event daemon.

         Starting Snappy daemon...
[   72.439205] cloud-init[945]: ci-info: +-------+-------------+----------+---------------+-----------+-------+
[   72.503372] cloud-init[945]: ci-info: |   0   |   0.0.0.0   | 10.0.2.2 |    0.0.0.0    |   enp0s3  |   UG  |
         Starting Login Service...
[   72.598991] cloud-init[945]: ci-info: |   1   |   10.0.2.0  | 0.0.0.0  | 255.255.255.0 |   enp0s3  |   U   |
[[0;32m  OK  [0m[   72.682288] cloud-init[945]: ci-info: +-------+-------------+----------+---------------+-----------+-------+
[   72.714542] cloud-init[945]: Generating public/private rsa key pair.
[   72.714661] cloud-init[945]: Your identification has been saved in /etc/ssh/ssh_host_rsa_key.
[   72.715335] cloud-init[945]: Your public key has been saved in /etc/ssh/ssh_host_rsa_key.pub.
[   72.715431] cloud-init[945]: The key fingerprint is:
[   72.715512] cloud-init[945]: SHA256:5U/pmAGi0lzPgUOkEzK+vgmrrrGkJhRriddr201Mcko root@ubuntu-xenial
[   72.715597] cloud-init[945]: The key's randomart image is:
[   72.715676] cloud-init[945]: +---[RSA 2048]----+
[   72.740734] cloud-init[945]: |  o ..o          |
[   72.775415] cloud-init[945]: | . o + .         |
[   72.788092] cloud-init[945]: |  . o = o .      |
[   72.803997] cloud-init[945]: | . + + = =   .   |
[   72.811525] cloud-init[945]: |. *.+ E S o o    |
[   72.820644] cloud-init[945]: |.*.... *   B     |
[   72.823632] cloud-init[945]: |=o.  .. o o o    |
[   72.823682] cloud-init[945]: |+* oo. o         |
[   72.823726] cloud-init[945]: |%.o.... .        |
[   72.840039] cloud-init[945]: +----[SHA256]-----+
[   72.852463] cloud-init[945]: Generating public/private dsa key pair.
[   72.963395] cloud-init[945]: Your identification has been saved in /etc/ssh/ssh_host_dsa_key.
[   72.993673] cloud-init[945]: Your public key has been saved in /etc/ssh/ssh_host_dsa_key.pub.
[   72.993752] cloud-init[945]: The key fingerprint is:
[   73.028849] cloud-init[945]: SHA256:rv8chVrG2nrpdduU9I6ns8xViWw/ecIQ2Eh5ewid3pk root@ubuntu-xenial
[   73.033059] cloud-init[945]: The key's randomart image is:
[   73.033317] cloud-init[945]: +---[DSA 1024]----+
[   73.033375] cloud-init[945]: |          .o .   |
[   73.033427] cloud-init[945]: |         .o++    |
[   73.033478] cloud-init[945]: |          o+o+ o |
[   73.033528] cloud-init[945]: |         . .=.E .|
[   73.033579] cloud-init[945]: |        S = o= o.|
[   73.033626] cloud-init[945]: |       . * ..oo =|
[   73.033677] cloud-init[945]: |        + o.. +==|
[   73.033726] cloud-init[945]: |       . ooo +.O+|
[   73.033775] cloud-init[945]: |      ..o++   B=o|
[   73.033826] cloud-init[945]: +----[SHA256]-----+
[   73.034159] cloud-init[945]: Generating public/private ecdsa key pair.
[   73.034215] cloud-init[945]: Your identification has been saved in /etc/ssh/ssh_host_ecdsa_key.
[   73.034268] cloud-init[945]: Your public key has been saved in /etc/ssh/ssh_host_ecdsa_key.pub.
[   73.034513] cloud-init[945]: The key fingerprint is:
[   73.034573] cloud-init[945]: SHA256:kLiZoDyY0NbivUqQKo7wgFvfHOTZP+V+MMFmpSr7ogQ root@ubuntu-xenial
[   73.034626] cloud-init[945]: The key's randomart image is:
[   73.034677] cloud-init[945]: +---[ECDSA 256]---+
[   73.034728] cloud-init[945]: |                 |
[   73.034779] cloud-init[945]: | . . . .      .  |
[   73.034829] cloud-init[945]: |. = o o    . o   |
[   73.034878] cloud-init[945]: |+* + + .    *    |
[   73.034924] cloud-init[945]: |*o. E . S  + .   |
[   73.034975] cloud-init[945]: |o..  = o. . +    |
[   73.035022] cloud-init[945]: |* o . = .o o o   |
[   73.035419] cloud-init[945]: |=* o + .o.. . .  |
[   73.035484] cloud-init[945]: |o.o . +. ooo..   |
[   73.035537] cloud-init[945]: +----[SHA256]-----+
[   73.035591] cloud-init[945]: Generating public/private ed25519 key pair.
[   73.035642] cloud-init[945]: Your identification has been saved in /etc/ssh/ssh_host_ed25519_key.
[   73.035694] cloud-init[945]: Your public key has been saved in /etc/ssh/ssh_host_ed25519_key.pub.
[   73.035745] cloud-init[945]: The key fingerprint is:
[   73.035795] cloud-init[945]: SHA256:E7wP6yo9Ik0GIjzOjOzoBtoB6CFnKTN7NYaUm4RV85Q root@ubuntu-xenial
] Started Regular background program processing daemon.
[   73.035845] cloud-init[945]: The key's randomart image is:
[   74.046161] cloud-init[945]: +--[ED25519 256]--+
[   74.083670] cloud-init[[945]: [0;32m  OK  [0m] | o.oo ..         |Started D-Bus System Message Bus.

[   74.149174] cloud-init[945]: |. +  +E.         |
[   74.182122] cloud-init[945]: |oo =  . o        |
[   74.220370] cloud-init[945]: |X+O +    o       |
         Starting /etc/rc.local Compatibility...
[   74.251093] cloud-init[945]: |XXo+ .  S        |
[[0;32m  OK  [0m] Started System Logging Service.
[   74.312984] cloud-init[945]: |+*o o    =       |
[[   74.366247] cloud-init[945]: |=o = .  . .      |
[   74.377161] cloud-init[945]: |ooo + o.         |
[   74.380646] cloud-init[945]: |o. . o.o.        |
[   74.383070] cloud-init[945]: +----[SHA256]-----+
[   74.398179] cloud-init[1035]: Generating locales (this might take a while)...
[0;32m  OK  [0m] Started Snappy daemon.
[[0;32m  OK  [0m] Started LXD - container startup/shutdown.
[[0;32m  OK  [0m] Started /etc/rc.local Compatibility.
[[0;32m  OK  [0m] Started iSCSI initiator daemon (iscsid).
[[0;32m  OK  [0m] Started LSB: Record successful boot for GRUB.
[[0;32m  OK  [0m] Started LSB: MD monitoring daemon.
[[0;32m  OK  [0m] Started Login Service.
         Starting Authenticate and Authorize Users to Run Privileged Tasks...
         Starting Login to default iSCSI targets...
[[0;32m  OK  [0m] Started Authenticate and Authorize Users to Run Privileged Tasks.
[[0;32m  OK  [0m] Started Accounts Service.
[[0;32m  OK  [0m] Started Login to default iSCSI targets.
[[0;32m  OK  [0m] Reached target Remote File Systems (Pre).
[[0;32m  OK  [0m] Reached target Remote File Systems.
         Starting Permit User Sessions...
         Starting LSB: Set the CPU Frequency Scaling governor to "ondemand"...
         Starting LSB: VirtualBox Linux Additions...
         Starting LSB: daemon to balance interrupts for SMP systems...
         Starting LSB: automatic crash report generation...
[[0;32m  OK  [0m] Started Permit User Sessions.
[[0;32m  OK  [0m] Started LSB: Set the CPU Frequency Scaling governor to "ondemand".
         Starting Terminate Plymouth Boot Screen...
         Starting Hold until boot process finishes up...
[[0;32m  OK  [0m] Started LSB: daemon to balance interrupts for SMP systems.
[[0;32m  OK  [0m] Started LSB: automatic crash report generation.
[[0;32m  OK  [0m] Started LSB: VirtualBox Linux Additions.
[[0;32m  OK  [0m] Started Terminate Plymouth Boot Screen.
[[0;32m  OK  [0m] Started Hold until boot process finishes up.
[[0;32m  OK  [0m] Started Serial Getty on ttyS0.
[[0;32m  OK  [0m] Started Getty on tty1.
[[0;32m  OK  [0m] Reached target Login Prompts.
[   76.058692] cloud-init         [1035]: Starting Set console scheme...
  en_US.UTF-8... done
[   76.172268] [[0;32m  OK  [0m] Started Set console scheme.
cloud-init[1035]: Generation complete.
[[0;32m  OK  [0m] Started Pollinate to seed the pseudo random number generator.
         Starting OpenBSD Secure Shell server...
[[0;32m  OK  [0m] Started OpenBSD Secure Shell server.
[[0;32m  OK  [0m] Reached target Multi-User System.
[[0;32m  OK  [0m] Reached target Graphical Interface.
         Starting Update UTMP about System Runlevel Changes...
[[0;32m  OK  [0m] Started Update UTMP about System Runlevel Changes.
[   76.731297] cloud-init[1035]: Cloud-init v. 17.1 running 'modules:config' at Wed, 27 Jun 2018 04:54:28 +0000. Up 73.28 seconds.
[[0;32m  OK  [0m] Started Apply the settings specified in cloud-config.
         Starting Execute cloud user/final scripts...
ci-info: no authorized ssh keys fingerprints found for user ubuntu.
<14>Jun 27 04:54:33 ec2: 
<14>Jun 27 04:54:33 ec2: #############################################################
<14>Jun 27 04:54:33 ec2: -----BEGIN SSH HOST KEY FINGERPRINTS-----
<14>Jun 27 04:54:33 ec2: 1024 SHA256:rv8chVrG2nrpdduU9I6ns8xViWw/ecIQ2Eh5ewid3pk root@ubuntu-xenial (DSA)
<14>Jun 27 04:54:33 ec2: 256 SHA256:kLiZoDyY0NbivUqQKo7wgFvfHOTZP+V+MMFmpSr7ogQ root@ubuntu-xenial (ECDSA)
<14>Jun 27 04:54:33 ec2: 256 SHA256:E7wP6yo9Ik0GIjzOjOzoBtoB6CFnKTN7NYaUm4RV85Q root@ubuntu-xenial (ED25519)
<14>Jun 27 04:54:33 ec2: 2048 SHA256:5U/pmAGi0lzPgUOkEzK+vgmrrrGkJhRriddr201Mcko root@ubuntu-xenial (RSA)
<14>Jun 27 04:54:33 ec2: -----END SSH HOST KEY FINGERPRINTS-----
<14>Jun 27 04:54:33 ec2: #############################################################
-----BEGIN SSH HOST KEY KEYS-----
ecdsa-sha2-nistp256 AAAAE2VjZHNhLXNoYTItbmlzdHAyNTYAAAAIbmlzdHAyNTYAAABBBE2q2cN96FP2J9hFgbbp5hQqIRmZSevmJQIiNva/EhKhtQOu9CM7HG51F3z7Dz/7RLxWvoPhrqCktUrVbfh+QA4= root@ubuntu-xenial
ssh-ed25519 AAAAC3NzaC1lZDI1NTE5AAAAIJNsMQIkzb25h3g1UoUzITzq8Oik6N9vBNmgbheBQ5H/ root@ubuntu-xenial
ssh-rsa AAAAB3NzaC1yc2EAAAADAQABAAABAQD6+1SBGWIvZXCKUq3txVCrG1zbeCGvwAClPy7npRSA0Vaufz+WmUhpTcDvH/33fLyRBO1ESScUY/okeV0yiLm6yPlk4rteRxicGQWUCGh8H5QG5bdfC+MhGW6MBVcySsRnDqHu5RKgiNQBoNo/Y2JZOwzl6Q9kq/UrYRn3Kv39Lz6hZIivSRRwqW+GWfH9Co97qtyTUqxR6H1ki6u8k53+tApr/sKaXGnml9hv6UcjY48oLK8oUGgUC7cZEmh6N9ibvPzUVuH646GNk1sXgJNB5F6EPnd2u8XDOfkE/xMmRnM0sKpGzMy8yY8Pg+64SXwTazFXwnQPzdBiswD0K1zZ root@ubuntu-xenial
-----END SSH HOST KEY KEYS-----
[   77.805707] cloud-init[1312]: Cloud-init v. 17.1 running 'modules:final' at Wed, 27 Jun 2018 04:54:32 +0000. Up 77.13 seconds.
[[   77.864564] cloud-init[1312]: ci-info: no authorized ssh keys fingerprints found for user ubuntu.
[   77.868947] cloud-init[1312]: Cloud-init v. 17.1 finished at Wed, 27 Jun 2018 04:54:33 +0000. Datasource DataSourceNoCloud [seed=/dev/sdb][dsmode=net].  Up 77.77 seconds
[0;32m  OK  [0m] Created slice User Slice of vagrant.
[[0;32m  OK  [0m] Started Execute cloud user/final scripts.
         Starting User Manager for UID 1000...
[[0;32m  OK  [0m] Reached target Cloud-init target.
[[0;32m  OK  [0m] Started Session 1 of user vagrant.
[[0;32m  OK  [0m] Started User Manager for UID 1000.

Ubuntu 16.04.3 LTS ubuntu-xenial ttyS0

ubuntu-xenial login: 